[12-10-2023 12:40:33] Bulk optimization launched for file : C:\MAMP\htdocs\ChicDressing/wp-content/uploads/2020/08/cropped-image_03.jpg
[12-10-2023 12:40:33] Revert original image for : /wp-content/uploads/2020/08/cropped-image_03.jpg
[12-10-2023 12:40:33] Optimized file /wp-content/uploads/2020/08/cropped-image_03.jpg from 39 KB to 38 KB
[12-10-2023 12:40:34] Optimized file /wp-content/uploads/2020/08/cropped-image_03-300x170.jpg from 13 KB to 11 KB
[12-10-2023 12:40:34] Optimized file /wp-content/uploads/2020/08/cropped-image_03-150x150.jpg from 6 KB to 5 KB
[12-10-2023 12:40:34] Optimized file /wp-content/uploads/2020/08/cropped-image_03-300x300.jpg from 15 KB to 14 KB
[12-10-2023 12:40:34] Optimized file /wp-content/uploads/2020/08/cropped-image_03-500x330.jpg from 27 KB to 25 KB
[12-10-2023 12:40:34] Optimized file /wp-content/uploads/2020/08/cropped-image_03-75x75.jpg from 2 KB to 2 KB
[12-10-2023 12:40:35] Optimized file /wp-content/uploads/2020/08/cropped-image_03-300x300.jpg from 14 KB to 14 KB
[12-10-2023 12:40:35] Optimized file /wp-content/uploads/2020/08/cropped-image_03-100x100.jpg from 3 KB to 3 KB
[12-10-2023 12:40:36] Bulk optimization launched for file : C:\MAMP\htdocs\ChicDressing/wp-content/uploads/2020/08/cropped-image_42.jpg
[12-10-2023 12:40:36] Revert original image for : /wp-content/uploads/2020/08/cropped-image_42.jpg
[12-10-2023 12:40:37] Optimized file /wp-content/uploads/2020/08/cropped-image_42.jpg from 41 KB to 40 KB
[12-10-2023 12:40:37] Optimized file /wp-content/uploads/2020/08/cropped-image_42-300x170.jpg from 12 KB to 11 KB
[12-10-2023 12:40:37] Optimized file /wp-content/uploads/2020/08/cropped-image_42-150x150.jpg from 6 KB to 6 KB
[12-10-2023 12:40:37] Optimized file /wp-content/uploads/2020/08/cropped-image_42-300x300.jpg from 16 KB to 15 KB
[12-10-2023 12:40:38] Optimized file /wp-content/uploads/2020/08/cropped-image_42-500x330.jpg from 27 KB to 26 KB
[12-10-2023 12:40:38] Optimized file /wp-content/uploads/2020/08/cropped-image_42-75x75.jpg from 2 KB to 2 KB
[12-10-2023 12:40:38] Optimized file /wp-content/uploads/2020/08/cropped-image_42-300x300.jpg from 15 KB to 15 KB
[12-10-2023 12:40:38] Optimized file /wp-content/uploads/2020/08/cropped-image_42-100x100.jpg from 3 KB to 3 KB
[12-10-2023 12:40:39] Bulk optimization launched for file : C:\MAMP\htdocs\ChicDressing/wp-content/uploads/2020/10/sample-image-8.png
[12-10-2023 12:40:39] Revert original image for : /wp-content/uploads/2020/10/sample-image-8.png
[12-10-2023 12:40:40] Optimized file /wp-content/uploads/2020/10/sample-image-8.png from 264 KB to 94 KB
[12-10-2023 12:40:41] Optimized file /wp-content/uploads/2020/10/sample-image-8-300x300.png from 140 KB to 51 KB
[12-10-2023 12:40:41] Optimized file /wp-content/uploads/2020/10/sample-image-8-150x150.png from 36 KB to 14 KB
[12-10-2023 12:40:41] Optimized file /wp-content/uploads/2020/10/sample-image-8-300x300.png from 51 KB to 51 KB
[12-10-2023 12:40:42] Optimized file /wp-content/uploads/2020/10/sample-image-8-400x330.png from 245 KB to 90 KB
[12-10-2023 12:40:42] Optimized file /wp-content/uploads/2020/10/sample-image-8-75x75.png from 10 KB to 4 KB
[12-10-2023 12:40:43] Optimized file /wp-content/uploads/2020/10/sample-image-8-300x300.png from 51 KB to 51 KB
[12-10-2023 12:40:43] Optimized file /wp-content/uploads/2020/10/sample-image-8-100x100.png from 17 KB to 7 KB
[12-10-2023 12:40:44] Bulk optimization launched for file : C:\MAMP\htdocs\ChicDressing/wp-content/uploads/2020/10/sample-image-31.png
[12-10-2023 12:40:44] Revert original image for : /wp-content/uploads/2020/10/sample-image-31.png
[12-10-2023 12:40:44] Optimized file /wp-content/uploads/2020/10/sample-image-31.png from 910 B to 910 B
[12-10-2023 12:40:44] Optimized file /wp-content/uploads/2020/10/sample-image-31-150x150.png from 1 KB to 924 B
[12-10-2023 12:40:44] Optimized file /wp-content/uploads/2020/10/sample-image-31-75x75.png from 1 KB to 961 B
[12-10-2023 12:40:44] Optimized file /wp-content/uploads/2020/10/sample-image-31-100x100.png from 1 KB to 1 KB
[12-10-2023 12:40:46] Bulk optimization launched for file : C:\MAMP\htdocs\ChicDressing/wp-content/uploads/2021/07/cropped-fashion-2021-09-01-22-37-14-utc.jpg
[12-10-2023 12:40:46] Revert original image for : /wp-content/uploads/2021/07/cropped-fashion-2021-09-01-22-37-14-utc.jpg
[12-10-2023 12:40:47] Optimized file /wp-content/uploads/2021/07/cropped-fashion-2021-09-01-22-37-14-utc.jpg from 198 KB to 191 KB
[12-10-2023 12:40:47] Optimized file /wp-content/uploads/2021/07/cropped-fashion-2021-09-01-22-37-14-utc-300x115.jpg from 9 KB to 8 KB
[12-10-2023 12:40:47] Optimized file /wp-content/uploads/2021/07/cropped-fashion-2021-09-01-22-37-14-utc-1024x393.jpg from 71 KB to 68 KB
[12-10-2023 12:40:47] Optimized file /wp-content/uploads/2021/07/cropped-fashion-2021-09-01-22-37-14-utc-150x150.jpg from 6 KB to 6 KB
[12-10-2023 12:40:48] Optimized file /wp-content/uploads/2021/07/cropped-fashion-2021-09-01-22-37-14-utc-768x295.jpg from 43 KB to 41 KB
[12-10-2023 12:40:48] Optimized file /wp-content/uploads/2021/07/cropped-fashion-2021-09-01-22-37-14-utc-600x230.jpg from 28 KB to 27 KB
[12-10-2023 12:40:48] Optimized file /wp-content/uploads/2021/07/cropped-fashion-2021-09-01-22-37-14-utc-1080x540.jpg from 96 KB to 91 KB
[12-10-2023 12:40:48] Optimized file /wp-content/uploads/2021/07/cropped-fashion-2021-09-01-22-37-14-utc-1140x438.jpg from 86 KB to 82 KB
[12-10-2023 12:40:49] Optimized file /wp-content/uploads/2021/07/cropped-fashion-2021-09-01-22-37-14-utc-300x300.jpg from 22 KB to 21 KB
[12-10-2023 12:40:49] Optimized file /wp-content/uploads/2021/07/cropped-fashion-2021-09-01-22-37-14-utc-500x330.jpg from 34 KB to 32 KB
[12-10-2023 12:40:49] Optimized file /wp-content/uploads/2021/07/cropped-fashion-2021-09-01-22-37-14-utc-75x75.jpg from 2 KB to 2 KB
[12-10-2023 12:40:49] Optimized file /wp-content/uploads/2021/07/cropped-fashion-2021-09-01-22-37-14-utc-300x300.jpg from 21 KB to 21 KB
[12-10-2023 12:40:49] Optimized file /wp-content/uploads/2021/07/cropped-fashion-2021-09-01-22-37-14-utc-600x230.jpg from 27 KB to 27 KB
[12-10-2023 12:40:50] Optimized file /wp-content/uploads/2021/07/cropped-fashion-2021-09-01-22-37-14-utc-100x100.jpg from 3 KB to 3 KB
[12-10-2023 12:40:51] Bulk optimization launched for file : C:\MAMP\htdocs\ChicDressing/wp-content/uploads/woocommerce-placeholder.png
[12-10-2023 12:40:51] Revert original image for : /wp-content/uploads/woocommerce-placeholder.png
[12-10-2023 12:40:53] Optimized file /wp-content/uploads/woocommerce-placeholder.png from 100 KB to 73 KB
[12-10-2023 12:40:53] Optimized file /wp-content/uploads/woocommerce-placeholder-300x300.png from 12 KB to 7 KB
[12-10-2023 12:40:54] Optimized file /wp-content/uploads/woocommerce-placeholder-1024x1024.png from 90 KB to 51 KB
[12-10-2023 12:40:54] Optimized file /wp-content/uploads/woocommerce-placeholder-150x150.png from 4 KB to 2 KB
[12-10-2023 12:40:54] Optimized file /wp-content/uploads/woocommerce-placeholder-768x768.png from 57 KB to 31 KB
[12-10-2023 12:40:54] Optimized file /wp-content/uploads/woocommerce-placeholder-600x600.png from 39 KB to 21 KB
[12-10-2023 12:40:55] Optimized file /wp-content/uploads/woocommerce-placeholder-1080x540.png from 131 KB to 66 KB
[12-10-2023 12:40:55] Optimized file /wp-content/uploads/woocommerce-placeholder-1140x1140.png from 198 KB to 81 KB
[12-10-2023 12:40:56] Optimized file /wp-content/uploads/woocommerce-placeholder-300x300.png from 7 KB to 6 KB
[12-10-2023 12:40:56] Optimized file /wp-content/uploads/woocommerce-placeholder-500x330.png from 32 KB to 16 KB
[12-10-2023 12:40:56] Optimized file /wp-content/uploads/woocommerce-placeholder-75x75.png from 1 KB to 1 KB
[12-10-2023 12:40:56] Optimized file /wp-content/uploads/woocommerce-placeholder-300x300.png from 6 KB to 6 KB
[12-10-2023 12:40:56] Optimized file /wp-content/uploads/woocommerce-placeholder-600x600.png from 21 KB to 21 KB
[12-10-2023 12:40:56] Optimized file /wp-content/uploads/woocommerce-placeholder-100x100.png from 2 KB to 1 KB
[12-10-2023 12:40:58] Bulk optimization launched for file : C:\MAMP\htdocs\ChicDressing/wp-content/uploads/2022/04/fashion-2021-09-01-22-38-14-utc.jpg
[12-10-2023 12:40:58] Revert original image for : /wp-content/uploads/2022/04/fashion-2021-09-01-22-38-14-utc.jpg
[12-10-2023 12:41:07] Optimized file /wp-content/uploads/2022/04/fashion-2021-09-01-22-38-14-utc.jpg from 4 MB to 1 MB
[12-10-2023 12:41:07] Optimized file /wp-content/uploads/2022/04/fashion-2021-09-01-22-38-14-utc-300x300.jpg from 11 KB to 10 KB
[12-10-2023 12:41:09] Optimized file /wp-content/uploads/2022/04/fashion-2021-09-01-22-38-14-utc-1024x1024.jpg from 119 KB to 109 KB
[12-10-2023 12:41:09] Optimized file /wp-content/uploads/2022/04/fashion-2021-09-01-22-38-14-utc-150x150.jpg from 4 KB to 3 KB
[12-10-2023 12:41:09] Optimized file /wp-content/uploads/2022/04/fashion-2021-09-01-22-38-14-utc-768x768.jpg from 67 KB to 63 KB
[12-10-2023 12:41:09] Optimized file /wp-content/uploads/2022/04/fashion-2021-09-01-22-38-14-utc-600x600.jpg from 41 KB to 39 KB
[12-10-2023 12:41:10] Optimized file /wp-content/uploads/2022/04/fashion-2021-09-01-22-38-14-utc-1536x1536.jpg from 258 KB to 233 KB
[12-10-2023 12:41:11] Optimized file /wp-content/uploads/2022/04/fashion-2021-09-01-22-38-14-utc-2048x2048.jpg from 436 KB to 390 KB
[12-10-2023 12:41:11] Optimized file /wp-content/uploads/2022/04/fashion-2021-09-01-22-38-14-utc-1080x540.jpg from 80 KB to 74 KB
[12-10-2023 12:41:11] Optimized file /wp-content/uploads/2022/04/fashion-2021-09-01-22-38-14-utc-1140x1140.jpg from 147 KB to 134 KB
[12-10-2023 12:41:11] Optimized file /wp-content/uploads/2022/04/fashion-2021-09-01-22-38-14-utc-300x300.jpg from 10 KB to 10 KB
[12-10-2023 12:41:12] Optimized file /wp-content/uploads/2022/04/fashion-2021-09-01-22-38-14-utc-500x330.jpg from 22 KB to 21 KB
[12-10-2023 12:41:12] Optimized file /wp-content/uploads/2022/04/fashion-2021-09-01-22-38-14-utc-75x75.jpg from 1 KB to 1 KB
[12-10-2023 12:41:12] Optimized file /wp-content/uploads/2022/04/fashion-2021-09-01-22-38-14-utc-300x300.jpg from 10 KB to 10 KB
[12-10-2023 12:41:12] Optimized file /wp-content/uploads/2022/04/fashion-2021-09-01-22-38-14-utc-600x600.jpg from 39 KB to 39 KB
[12-10-2023 12:41:12] Optimized file /wp-content/uploads/2022/04/fashion-2021-09-01-22-38-14-utc-100x100.jpg from 2 KB to 2 KB
[12-10-2023 12:41:14] Bulk optimization launched for file : C:\MAMP\htdocs\ChicDressing/wp-content/uploads/2022/05/fall-fashion-2021-09-02-03-12-10-utc.jpg
[12-10-2023 12:41:14] Revert original image for : /wp-content/uploads/2022/05/fall-fashion-2021-09-02-03-12-10-utc.jpg
[12-10-2023 12:41:18] Optimized file /wp-content/uploads/2022/05/fall-fashion-2021-09-02-03-12-10-utc.jpg from 2 MB to 770 KB
[12-10-2023 12:41:18] Optimized file /wp-content/uploads/2022/05/fall-fashion-2021-09-02-03-12-10-utc-300x200.jpg from 12 KB to 12 KB
[12-10-2023 12:41:19] Optimized file /wp-content/uploads/2022/05/fall-fashion-2021-09-02-03-12-10-utc-1024x682.jpg from 86 KB to 84 KB
[12-10-2023 12:41:19] Optimized file /wp-content/uploads/2022/05/fall-fashion-2021-09-02-03-12-10-utc-150x150.jpg from 6 KB to 5 KB
[12-10-2023 12:41:19] Optimized file /wp-content/uploads/2022/05/fall-fashion-2021-09-02-03-12-10-utc-768x512.jpg from 54 KB to 52 KB
[12-10-2023 12:41:19] Optimized file /wp-content/uploads/2022/05/fall-fashion-2021-09-02-03-12-10-utc-600x400.jpg from 36 KB to 35 KB
[12-10-2023 12:41:20] Optimized file /wp-content/uploads/2022/05/fall-fashion-2021-09-02-03-12-10-utc-1536x1024.jpg from 170 KB to 166 KB
[12-10-2023 12:41:20] Optimized file /wp-content/uploads/2022/05/fall-fashion-2021-09-02-03-12-10-utc-2048x1365.jpg from 282 KB to 273 KB
[12-10-2023 12:41:26] Optimized file /wp-content/uploads/2022/05/fall-fashion-2021-09-02-03-12-10-utc-1080x540.jpg from 74 KB to 72 KB
[12-10-2023 12:41:26] Optimized file /wp-content/uploads/2022/05/fall-fashion-2021-09-02-03-12-10-utc-1140x760.jpg from 102 KB to 100 KB
[12-10-2023 12:41:26] Optimized file /wp-content/uploads/2022/05/fall-fashion-2021-09-02-03-12-10-utc-300x300.jpg from 17 KB to 16 KB
[12-10-2023 12:41:27] Optimized file /wp-content/uploads/2022/05/fall-fashion-2021-09-02-03-12-10-utc-500x330.jpg from 27 KB to 26 KB
[12-10-2023 12:41:28] Optimized file /wp-content/uploads/2022/05/fall-fashion-2021-09-02-03-12-10-utc-75x75.jpg from 2 KB to 2 KB
[12-10-2023 12:41:28] Optimized file /wp-content/uploads/2022/05/fall-fashion-2021-09-02-03-12-10-utc-300x300.jpg from 16 KB to 16 KB
[12-10-2023 12:41:28] Optimized file /wp-content/uploads/2022/05/fall-fashion-2021-09-02-03-12-10-utc-600x400.jpg from 35 KB to 35 KB
[12-10-2023 12:41:28] Optimized file /wp-content/uploads/2022/05/fall-fashion-2021-09-02-03-12-10-utc-100x100.jpg from 3 KB to 3 KB
[12-10-2023 12:41:29] Bulk optimization launched for file : C:\MAMP\htdocs\ChicDressing/wp-content/uploads/2022/05/ussama-azam-5IcEBmSOQq0-unsplash.jpg
[12-10-2023 12:41:29] Revert original image for : /wp-content/uploads/2022/05/ussama-azam-5IcEBmSOQq0-unsplash.jpg
[12-10-2023 12:41:36] Optimized file /wp-content/uploads/2022/05/ussama-azam-5IcEBmSOQq0-unsplash.jpg from 987 KB to 987 KB
[12-10-2023 12:41:36] Optimized file /wp-content/uploads/2022/05/ussama-azam-5IcEBmSOQq0-unsplash-230x300.jpg from 12 KB to 11 KB
[12-10-2023 12:41:36] Optimized file /wp-content/uploads/2022/05/ussama-azam-5IcEBmSOQq0-unsplash-786x1024.jpg from 92 KB to 85 KB
[12-10-2023 12:41:36] Optimized file /wp-content/uploads/2022/05/ussama-azam-5IcEBmSOQq0-unsplash-150x150.jpg from 5 KB to 5 KB
[12-10-2023 12:41:37] Optimized file /wp-content/uploads/2022/05/ussama-azam-5IcEBmSOQq0-unsplash-768x1001.jpg from 88 KB to 82 KB
[12-10-2023 12:41:37] Optimized file /wp-content/uploads/2022/05/ussama-azam-5IcEBmSOQq0-unsplash-600x782.jpg from 58 KB to 54 KB
[12-10-2023 12:41:38] Optimized file /wp-content/uploads/2022/05/ussama-azam-5IcEBmSOQq0-unsplash-1179x1536.jpg from 184 KB to 172 KB
[12-10-2023 12:41:38] Optimized file /wp-content/uploads/2022/05/ussama-azam-5IcEBmSOQq0-unsplash-1571x2048.jpg from 318 KB to 295 KB
[12-10-2023 12:41:38] Optimized file /wp-content/uploads/2022/05/ussama-azam-5IcEBmSOQq0-unsplash-1080x540.jpg from 66 KB to 62 KB
[12-10-2023 12:41:39] Optimized file /wp-content/uploads/2022/05/ussama-azam-5IcEBmSOQq0-unsplash-1140x1486.jpg from 174 KB to 162 KB
[12-10-2023 12:41:39] Optimized file /wp-content/uploads/2022/05/ussama-azam-5IcEBmSOQq0-unsplash-300x300.jpg from 15 KB to 14 KB
[12-10-2023 12:41:40] Optimized file /wp-content/uploads/2022/05/ussama-azam-5IcEBmSOQq0-unsplash-500x330.jpg from 25 KB to 23 KB
[12-10-2023 12:41:40] Optimized file /wp-content/uploads/2022/05/ussama-azam-5IcEBmSOQq0-unsplash-75x75.jpg from 2 KB to 1 KB
[12-10-2023 12:41:40] Optimized file /wp-content/uploads/2022/05/ussama-azam-5IcEBmSOQq0-unsplash-300x300.jpg from 14 KB to 14 KB
[12-10-2023 12:41:40] Optimized file /wp-content/uploads/2022/05/ussama-azam-5IcEBmSOQq0-unsplash-600x782.jpg from 54 KB to 54 KB
[12-10-2023 12:41:41] Optimized file /wp-content/uploads/2022/05/ussama-azam-5IcEBmSOQq0-unsplash-100x100.jpg from 3 KB to 2 KB
[12-10-2023 12:41:43] Bulk optimization launched for file : C:\MAMP\htdocs\ChicDressing/wp-content/uploads/2020/08/armen-aydinyan-bhJfx7t4QUA-unsplash.jpg
[12-10-2023 12:41:43] Revert original image for : /wp-content/uploads/2020/08/armen-aydinyan-bhJfx7t4QUA-unsplash.jpg
[12-10-2023 12:41:46] Optimized file /wp-content/uploads/2020/08/armen-aydinyan-bhJfx7t4QUA-unsplash.jpg from 663 KB to 634 KB
[12-10-2023 12:41:46] Optimized file /wp-content/uploads/2020/08/armen-aydinyan-bhJfx7t4QUA-unsplash-300x200.jpg from 17 KB to 16 KB
[12-10-2023 12:41:47] Optimized file /wp-content/uploads/2020/08/armen-aydinyan-bhJfx7t4QUA-unsplash-1024x683.jpg from 131 KB to 126 KB
[12-10-2023 12:41:47] Optimized file /wp-content/uploads/2020/08/armen-aydinyan-bhJfx7t4QUA-unsplash-150x150.jpg from 8 KB to 7 KB
[12-10-2023 12:41:47] Optimized file /wp-content/uploads/2020/08/armen-aydinyan-bhJfx7t4QUA-unsplash-768x512.jpg from 81 KB to 77 KB
[12-10-2023 12:41:47] Optimized file /wp-content/uploads/2020/08/armen-aydinyan-bhJfx7t4QUA-unsplash-600x400.jpg from 54 KB to 51 KB
[12-10-2023 12:41:48] Optimized file /wp-content/uploads/2020/08/armen-aydinyan-bhJfx7t4QUA-unsplash-1536x1024.jpg from 257 KB to 247 KB
[12-10-2023 12:41:49] Optimized file /wp-content/uploads/2020/08/armen-aydinyan-bhJfx7t4QUA-unsplash-2048x1366.jpg from 416 KB to 400 KB
[12-10-2023 12:41:49] Optimized file /wp-content/uploads/2020/08/armen-aydinyan-bhJfx7t4QUA-unsplash-1080x540.jpg from 119 KB to 114 KB
[12-10-2023 12:41:51] Optimized file /wp-content/uploads/2020/08/armen-aydinyan-bhJfx7t4QUA-unsplash-1140x760.jpg from 156 KB to 150 KB
[12-10-2023 12:41:52] Optimized file /wp-content/uploads/2020/08/armen-aydinyan-bhJfx7t4QUA-unsplash-300x300.jpg from 24 KB to 23 KB
[12-10-2023 12:41:52] Optimized file /wp-content/uploads/2020/08/armen-aydinyan-bhJfx7t4QUA-unsplash-500x330.jpg from 40 KB to 38 KB
[12-10-2023 12:41:52] Optimized file /wp-content/uploads/2020/08/armen-aydinyan-bhJfx7t4QUA-unsplash-75x75.jpg from 2 KB to 2 KB
[12-10-2023 12:41:52] Optimized file /wp-content/uploads/2020/08/armen-aydinyan-bhJfx7t4QUA-unsplash-300x300.jpg from 23 KB to 23 KB
[12-10-2023 12:41:53] Optimized file /wp-content/uploads/2020/08/armen-aydinyan-bhJfx7t4QUA-unsplash-600x400.jpg from 51 KB to 51 KB
[12-10-2023 12:41:53] Optimized file /wp-content/uploads/2020/08/armen-aydinyan-bhJfx7t4QUA-unsplash-100x100.jpg from 4 KB to 4 KB
[12-10-2023 12:41:54] Bulk optimization launched for file : C:\MAMP\htdocs\ChicDressing/wp-content/uploads/2020/08/michael-lee-5Z9bgfRZLLE-unsplash.jpg
[12-10-2023 12:41:54] Revert original image for : /wp-content/uploads/2020/08/michael-lee-5Z9bgfRZLLE-unsplash.jpg
[12-10-2023 12:41:58] Optimized file /wp-content/uploads/2020/08/michael-lee-5Z9bgfRZLLE-unsplash.jpg from 713 KB to 684 KB
[12-10-2023 12:41:58] Optimized file /wp-content/uploads/2020/08/michael-lee-5Z9bgfRZLLE-unsplash-300x200.jpg from 17 KB to 16 KB
[12-10-2023 12:41:59] Optimized file /wp-content/uploads/2020/08/michael-lee-5Z9bgfRZLLE-unsplash-1024x684.jpg from 148 KB to 141 KB
[12-10-2023 12:41:59] Optimized file /wp-content/uploads/2020/08/michael-lee-5Z9bgfRZLLE-unsplash-150x150.jpg from 7 KB to 7 KB
[12-10-2023 12:41:59] Optimized file /wp-content/uploads/2020/08/michael-lee-5Z9bgfRZLLE-unsplash-768x513.jpg from 91 KB to 86 KB
[12-10-2023 12:41:59] Optimized file /wp-content/uploads/2020/08/michael-lee-5Z9bgfRZLLE-unsplash-600x401.jpg from 60 KB to 56 KB
[12-10-2023 12:42:01] Optimized file /wp-content/uploads/2020/08/michael-lee-5Z9bgfRZLLE-unsplash-1536x1026.jpg from 289 KB to 277 KB
[12-10-2023 12:42:02] Optimized file /wp-content/uploads/2020/08/michael-lee-5Z9bgfRZLLE-unsplash-2048x1368.jpg from 455 KB to 438 KB
[12-10-2023 12:42:02] Optimized file /wp-content/uploads/2020/08/michael-lee-5Z9bgfRZLLE-unsplash-1080x540.jpg from 127 KB to 120 KB
[12-10-2023 12:42:03] Optimized file /wp-content/uploads/2020/08/michael-lee-5Z9bgfRZLLE-unsplash-1140x761.jpg from 177 KB to 168 KB
[12-10-2023 12:42:03] Optimized file /wp-content/uploads/2020/08/michael-lee-5Z9bgfRZLLE-unsplash-300x300.jpg from 25 KB to 23 KB
[12-10-2023 12:42:03] Optimized file /wp-content/uploads/2020/08/michael-lee-5Z9bgfRZLLE-unsplash-500x330.jpg from 43 KB to 40 KB
[12-10-2023 12:42:03] Optimized file /wp-content/uploads/2020/08/michael-lee-5Z9bgfRZLLE-unsplash-75x75.jpg from 2 KB to 2 KB
[12-10-2023 12:42:03] Optimized file /wp-content/uploads/2020/08/michael-lee-5Z9bgfRZLLE-unsplash-300x300.jpg from 23 KB to 23 KB
[12-10-2023 12:42:04] Optimized file /wp-content/uploads/2020/08/michael-lee-5Z9bgfRZLLE-unsplash-600x401.jpg from 56 KB to 56 KB
[12-10-2023 12:42:04] Optimized file /wp-content/uploads/2020/08/michael-lee-5Z9bgfRZLLE-unsplash-100x100.jpg from 4 KB to 3 KB
[12-10-2023 12:42:05] Bulk optimization launched for file : C:\MAMP\htdocs\ChicDressing/wp-content/uploads/2020/08/michael-lee-Noqjeq2XJUk-unsplash.jpg
[12-10-2023 12:42:05] Revert original image for : /wp-content/uploads/2020/08/michael-lee-Noqjeq2XJUk-unsplash.jpg
[12-10-2023 12:42:08] Optimized file /wp-content/uploads/2020/08/michael-lee-Noqjeq2XJUk-unsplash.jpg from 556 KB to 537 KB
[12-10-2023 12:42:09] Optimized file /wp-content/uploads/2020/08/michael-lee-Noqjeq2XJUk-unsplash-300x200.jpg from 16 KB to 15 KB
[12-10-2023 12:42:11] Optimized file /wp-content/uploads/2020/08/michael-lee-Noqjeq2XJUk-unsplash-1024x684.jpg from 127 KB to 122 KB
[12-10-2023 12:42:11] Optimized file /wp-content/uploads/2020/08/michael-lee-Noqjeq2XJUk-unsplash-150x150.jpg from 7 KB to 7 KB
[12-10-2023 12:42:11] Optimized file /wp-content/uploads/2020/08/michael-lee-Noqjeq2XJUk-unsplash-768x513.jpg from 81 KB to 77 KB
[12-10-2023 12:42:11] Optimized file /wp-content/uploads/2020/08/michael-lee-Noqjeq2XJUk-unsplash-600x401.jpg from 54 KB to 51 KB
[12-10-2023 12:42:12] Optimized file /wp-content/uploads/2020/08/michael-lee-Noqjeq2XJUk-unsplash-1536x1026.jpg from 239 KB to 231 KB
[12-10-2023 12:42:13] Optimized file /wp-content/uploads/2020/08/michael-lee-Noqjeq2XJUk-unsplash-2048x1368.jpg from 366 KB to 355 KB
[12-10-2023 12:42:13] Optimized file /wp-content/uploads/2020/08/michael-lee-Noqjeq2XJUk-unsplash-1080x540.jpg from 113 KB to 108 KB
[12-10-2023 12:42:13] Optimized file /wp-content/uploads/2020/08/michael-lee-Noqjeq2XJUk-unsplash-1140x761.jpg from 150 KB to 144 KB
[12-10-2023 12:42:14] Optimized file /wp-content/uploads/2020/08/michael-lee-Noqjeq2XJUk-unsplash-300x300.jpg from 24 KB to 22 KB
[12-10-2023 12:42:14] Optimized file /wp-content/uploads/2020/08/michael-lee-Noqjeq2XJUk-unsplash-500x330.jpg from 39 KB to 37 KB
[12-10-2023 12:42:14] Optimized file /wp-content/uploads/2020/08/michael-lee-Noqjeq2XJUk-unsplash-75x75.jpg from 2 KB to 2 KB
[12-10-2023 12:42:14] Optimized file /wp-content/uploads/2020/08/michael-lee-Noqjeq2XJUk-unsplash-300x300.jpg from 22 KB to 22 KB
[12-10-2023 12:42:18] Optimized file /wp-content/uploads/2020/08/michael-lee-Noqjeq2XJUk-unsplash-600x401.jpg from 51 KB to 51 KB
[12-10-2023 12:42:18] Optimized file /wp-content/uploads/2020/08/michael-lee-Noqjeq2XJUk-unsplash-100x100.jpg from 4 KB to 3 KB
[12-10-2023 12:42:19] Bulk optimization launched for file : C:\MAMP\htdocs\ChicDressing/wp-content/uploads/2020/08/raden-prasetya-CQDkSdPOzYY-unsplash.jpg
[12-10-2023 12:42:19] Revert original image for : /wp-content/uploads/2020/08/raden-prasetya-CQDkSdPOzYY-unsplash.jpg
[12-10-2023 12:42:22] Optimized file /wp-content/uploads/2020/08/raden-prasetya-CQDkSdPOzYY-unsplash.jpg from 283 KB to 269 KB
[12-10-2023 12:42:23] Optimized file /wp-content/uploads/2020/08/raden-prasetya-CQDkSdPOzYY-unsplash-300x200.jpg from 11 KB to 10 KB
[12-10-2023 12:42:23] Optimized file /wp-content/uploads/2020/08/raden-prasetya-CQDkSdPOzYY-unsplash-1024x682.jpg from 69 KB to 66 KB
[12-10-2023 12:42:23] Optimized file /wp-content/uploads/2020/08/raden-prasetya-CQDkSdPOzYY-unsplash-150x150.jpg from 5 KB to 5 KB
[12-10-2023 12:42:24] Optimized file /wp-content/uploads/2020/08/raden-prasetya-CQDkSdPOzYY-unsplash-768x512.jpg from 45 KB to 43 KB
[12-10-2023 12:42:24] Optimized file /wp-content/uploads/2020/08/raden-prasetya-CQDkSdPOzYY-unsplash-600x400.jpg from 30 KB to 29 KB
[12-10-2023 12:42:24] Optimized file /wp-content/uploads/2020/08/raden-prasetya-CQDkSdPOzYY-unsplash-1536x1024.jpg from 129 KB to 123 KB
[12-10-2023 12:42:25] Optimized file /wp-content/uploads/2020/08/raden-prasetya-CQDkSdPOzYY-unsplash-2048x1365.jpg from 198 KB to 189 KB
[12-10-2023 12:42:25] Optimized file /wp-content/uploads/2020/08/raden-prasetya-CQDkSdPOzYY-unsplash-1080x540.jpg from 61 KB to 59 KB
[12-10-2023 12:42:27] Optimized file /wp-content/uploads/2020/08/raden-prasetya-CQDkSdPOzYY-unsplash-1140x760.jpg from 82 KB to 78 KB
[12-10-2023 12:42:27] Optimized file /wp-content/uploads/2020/08/raden-prasetya-CQDkSdPOzYY-unsplash-300x300.jpg from 15 KB to 15 KB
[12-10-2023 12:42:27] Optimized file /wp-content/uploads/2020/08/raden-prasetya-CQDkSdPOzYY-unsplash-500x330.jpg from 23 KB to 22 KB
[12-10-2023 12:42:27] Optimized file /wp-content/uploads/2020/08/raden-prasetya-CQDkSdPOzYY-unsplash-75x75.jpg from 2 KB to 2 KB
[12-10-2023 12:42:28] Optimized file /wp-content/uploads/2020/08/raden-prasetya-CQDkSdPOzYY-unsplash-300x300.jpg from 15 KB to 15 KB
[12-10-2023 12:42:28] Optimized file /wp-content/uploads/2020/08/raden-prasetya-CQDkSdPOzYY-unsplash-600x400.jpg from 29 KB to 29 KB
[12-10-2023 12:42:29] Optimized file /wp-content/uploads/2020/08/raden-prasetya-CQDkSdPOzYY-unsplash-100x100.jpg from 3 KB to 3 KB
[12-10-2023 12:42:30] Bulk optimization launched for file : C:\MAMP\htdocs\ChicDressing/wp-content/uploads/2020/08/rudy-issa-7DUSkuGgLyM-unsplash.jpg
[12-10-2023 12:42:30] Revert original image for : /wp-content/uploads/2020/08/rudy-issa-7DUSkuGgLyM-unsplash.jpg
[12-10-2023 12:42:34] Optimized file /wp-content/uploads/2020/08/rudy-issa-7DUSkuGgLyM-unsplash.jpg from 341 KB to 318 KB
[12-10-2023 12:42:34] Optimized file /wp-content/uploads/2020/08/rudy-issa-7DUSkuGgLyM-unsplash-300x200.jpg from 11 KB to 11 KB
[12-10-2023 12:42:36] Optimized file /wp-content/uploads/2020/08/rudy-issa-7DUSkuGgLyM-unsplash-1024x683.jpg from 72 KB to 70 KB
[12-10-2023 12:42:36] Optimized file /wp-content/uploads/2020/08/rudy-issa-7DUSkuGgLyM-unsplash-150x150.jpg from 5 KB to 5 KB
[12-10-2023 12:42:36] Optimized file /wp-content/uploads/2020/08/rudy-issa-7DUSkuGgLyM-unsplash-768x512.jpg from 46 KB to 45 KB
[12-10-2023 12:42:36] Optimized file /wp-content/uploads/2020/08/rudy-issa-7DUSkuGgLyM-unsplash-600x400.jpg from 32 KB to 31 KB
[12-10-2023 12:42:37] Optimized file /wp-content/uploads/2020/08/rudy-issa-7DUSkuGgLyM-unsplash-1536x1024.jpg from 136 KB to 130 KB
[12-10-2023 12:42:37] Optimized file /wp-content/uploads/2020/08/rudy-issa-7DUSkuGgLyM-unsplash-2048x1366.jpg from 218 KB to 207 KB
[12-10-2023 12:42:38] Optimized file /wp-content/uploads/2020/08/rudy-issa-7DUSkuGgLyM-unsplash-1080x540.jpg from 63 KB to 61 KB
[12-10-2023 12:42:38] Optimized file /wp-content/uploads/2020/08/rudy-issa-7DUSkuGgLyM-unsplash-1140x760.jpg from 85 KB to 82 KB
[12-10-2023 12:42:38] Optimized file /wp-content/uploads/2020/08/rudy-issa-7DUSkuGgLyM-unsplash-300x300.jpg from 15 KB to 15 KB
[12-10-2023 12:42:38] Optimized file /wp-content/uploads/2020/08/rudy-issa-7DUSkuGgLyM-unsplash-500x330.jpg from 24 KB to 24 KB
[12-10-2023 12:42:39] Optimized file /wp-content/uploads/2020/08/rudy-issa-7DUSkuGgLyM-unsplash-75x75.jpg from 2 KB to 1 KB
[12-10-2023 12:42:39] Optimized file /wp-content/uploads/2020/08/rudy-issa-7DUSkuGgLyM-unsplash-300x300.jpg from 15 KB to 15 KB
[12-10-2023 12:42:39] Optimized file /wp-content/uploads/2020/08/rudy-issa-7DUSkuGgLyM-unsplash-600x400.jpg from 31 KB to 31 KB
[12-10-2023 12:42:39] Optimized file /wp-content/uploads/2020/08/rudy-issa-7DUSkuGgLyM-unsplash-100x100.jpg from 3 KB to 3 KB
[12-10-2023 12:42:40] Bulk optimization launched for file : C:\MAMP\htdocs\ChicDressing/wp-content/uploads/2020/08/sasha-lebedeva-VwGcsgeM-YM-unsplash.jpg
[12-10-2023 12:42:40] Revert original image for : /wp-content/uploads/2020/08/sasha-lebedeva-VwGcsgeM-YM-unsplash.jpg
[12-10-2023 12:42:44] Optimized file /wp-content/uploads/2020/08/sasha-lebedeva-VwGcsgeM-YM-unsplash.jpg from 661 KB to 631 KB
[12-10-2023 12:42:44] Optimized file /wp-content/uploads/2020/08/sasha-lebedeva-VwGcsgeM-YM-unsplash-300x200.jpg from 16 KB to 15 KB
[12-10-2023 12:42:45] Optimized file /wp-content/uploads/2020/08/sasha-lebedeva-VwGcsgeM-YM-unsplash-1024x682.jpg from 132 KB to 126 KB
[12-10-2023 12:42:45] Optimized file /wp-content/uploads/2020/08/sasha-lebedeva-VwGcsgeM-YM-unsplash-150x150.jpg from 7 KB to 6 KB
[12-10-2023 12:42:45] Optimized file /wp-content/uploads/2020/08/sasha-lebedeva-VwGcsgeM-YM-unsplash-768x512.jpg from 81 KB to 77 KB
[12-10-2023 12:42:45] Optimized file /wp-content/uploads/2020/08/sasha-lebedeva-VwGcsgeM-YM-unsplash-600x400.jpg from 53 KB to 50 KB
[12-10-2023 12:42:46] Optimized file /wp-content/uploads/2020/08/sasha-lebedeva-VwGcsgeM-YM-unsplash-1536x1024.jpg from 260 KB to 248 KB
[12-10-2023 12:42:47] Optimized file /wp-content/uploads/2020/08/sasha-lebedeva-VwGcsgeM-YM-unsplash-2048x1365.jpg from 419 KB to 401 KB
[12-10-2023 12:42:48] Optimized file /wp-content/uploads/2020/08/sasha-lebedeva-VwGcsgeM-YM-unsplash-1080x540.jpg from 120 KB to 114 KB
[12-10-2023 12:42:48] Optimized file /wp-content/uploads/2020/08/sasha-lebedeva-VwGcsgeM-YM-unsplash-1140x760.jpg from 158 KB to 150 KB
[12-10-2023 12:42:48] Optimized file /wp-content/uploads/2020/08/sasha-lebedeva-VwGcsgeM-YM-unsplash-300x300.jpg from 21 KB to 20 KB
[12-10-2023 12:42:48] Optimized file /wp-content/uploads/2020/08/sasha-lebedeva-VwGcsgeM-YM-unsplash-500x330.jpg from 39 KB to 37 KB
[12-10-2023 12:42:49] Optimized file /wp-content/uploads/2020/08/sasha-lebedeva-VwGcsgeM-YM-unsplash-75x75.jpg from 2 KB to 2 KB
[12-10-2023 12:42:49] Optimized file /wp-content/uploads/2020/08/sasha-lebedeva-VwGcsgeM-YM-unsplash-300x300.jpg from 20 KB to 20 KB
[12-10-2023 12:42:49] Optimized file /wp-content/uploads/2020/08/sasha-lebedeva-VwGcsgeM-YM-unsplash-600x400.jpg from 50 KB to 50 KB
[12-10-2023 12:42:49] Optimized file /wp-content/uploads/2020/08/sasha-lebedeva-VwGcsgeM-YM-unsplash-100x100.jpg from 3 KB to 3 KB
[12-10-2023 12:42:50] Bulk optimization launched for file : C:\MAMP\htdocs\ChicDressing/wp-content/uploads/2020/08/yogendra-singh-_c56tTiztfA-unsplash.jpg
[12-10-2023 12:42:50] Revert original image for : /wp-content/uploads/2020/08/yogendra-singh-_c56tTiztfA-unsplash.jpg
[12-10-2023 12:42:54] Optimized file /wp-content/uploads/2020/08/yogendra-singh-_c56tTiztfA-unsplash.jpg from 360 KB to 347 KB
[12-10-2023 12:42:54] Optimized file /wp-content/uploads/2020/08/yogendra-singh-_c56tTiztfA-unsplash-300x200.jpg from 12 KB to 11 KB
[12-10-2023 12:42:55] Optimized file /wp-content/uploads/2020/08/yogendra-singh-_c56tTiztfA-unsplash-1024x683.jpg from 81 KB to 79 KB
[12-10-2023 12:42:55] Optimized file /wp-content/uploads/2020/08/yogendra-singh-_c56tTiztfA-unsplash-150x150.jpg from 6 KB to 6 KB
[12-10-2023 12:42:56] Optimized file /wp-content/uploads/2020/08/yogendra-singh-_c56tTiztfA-unsplash-768x512.jpg from 51 KB to 50 KB
[12-10-2023 12:42:56] Optimized file /wp-content/uploads/2020/08/yogendra-singh-_c56tTiztfA-unsplash-600x400.jpg from 35 KB to 34 KB
[12-10-2023 12:42:56] Optimized file /wp-content/uploads/2020/08/yogendra-singh-_c56tTiztfA-unsplash-1536x1024.jpg from 152 KB to 147 KB
[12-10-2023 12:42:58] Optimized file /wp-content/uploads/2020/08/yogendra-singh-_c56tTiztfA-unsplash-2048x1366.jpg from 238 KB to 231 KB
[12-10-2023 12:42:58] Optimized file /wp-content/uploads/2020/08/yogendra-singh-_c56tTiztfA-unsplash-1080x540.jpg from 65 KB to 63 KB
[12-10-2023 12:42:59] Optimized file /wp-content/uploads/2020/08/yogendra-singh-_c56tTiztfA-unsplash-1140x760.jpg from 95 KB to 92 KB
[12-10-2023 12:42:59] Optimized file /wp-content/uploads/2020/08/yogendra-singh-_c56tTiztfA-unsplash-300x300.jpg from 18 KB to 17 KB
[12-10-2023 12:42:59] Optimized file /wp-content/uploads/2020/08/yogendra-singh-_c56tTiztfA-unsplash-500x330.jpg from 27 KB to 26 KB
[12-10-2023 12:42:59] Optimized file /wp-content/uploads/2020/08/yogendra-singh-_c56tTiztfA-unsplash-75x75.jpg from 2 KB to 2 KB
[12-10-2023 12:43:00] Optimized file /wp-content/uploads/2020/08/yogendra-singh-_c56tTiztfA-unsplash-300x300.jpg from 17 KB to 17 KB
[12-10-2023 12:43:00] Optimized file /wp-content/uploads/2020/08/yogendra-singh-_c56tTiztfA-unsplash-600x400.jpg from 34 KB to 34 KB
[12-10-2023 12:43:01] Optimized file /wp-content/uploads/2020/08/yogendra-singh-_c56tTiztfA-unsplash-100x100.jpg from 3 KB to 3 KB
[12-10-2023 12:43:40] Bulk optimization launched for file : C:\MAMP\htdocs\ChicDressing/wp-content/uploads/2020/08/yogendra-singh-kOIODZD_ByQ-unsplash.jpg
[12-10-2023 12:43:40] Revert original image for : /wp-content/uploads/2020/08/yogendra-singh-kOIODZD_ByQ-unsplash.jpg
[12-10-2023 12:43:44] Optimized file /wp-content/uploads/2020/08/yogendra-singh-kOIODZD_ByQ-unsplash.jpg from 470 KB to 451 KB
[12-10-2023 12:43:44] Optimized file /wp-content/uploads/2020/08/yogendra-singh-kOIODZD_ByQ-unsplash-300x200.jpg from 12 KB to 11 KB
[12-10-2023 12:43:44] Optimized file /wp-content/uploads/2020/08/yogendra-singh-kOIODZD_ByQ-unsplash-1024x683.jpg from 97 KB to 94 KB
[12-10-2023 12:43:45] Optimized file /wp-content/uploads/2020/08/yogendra-singh-kOIODZD_ByQ-unsplash-150x150.jpg from 5 KB to 5 KB
[12-10-2023 12:43:46] Optimized file /wp-content/uploads/2020/08/yogendra-singh-kOIODZD_ByQ-unsplash-768x512.jpg from 59 KB to 57 KB
[12-10-2023 12:43:46] Optimized file /wp-content/uploads/2020/08/yogendra-singh-kOIODZD_ByQ-unsplash-600x400.jpg from 38 KB to 37 KB
[12-10-2023 12:43:47] Optimized file /wp-content/uploads/2020/08/yogendra-singh-kOIODZD_ByQ-unsplash-1536x1024.jpg from 192 KB to 185 KB
[12-10-2023 12:43:47] Optimized file /wp-content/uploads/2020/08/yogendra-singh-kOIODZD_ByQ-unsplash-2048x1366.jpg from 307 KB to 295 KB
[12-10-2023 12:43:48] Optimized file /wp-content/uploads/2020/08/yogendra-singh-kOIODZD_ByQ-unsplash-1080x540.jpg from 94 KB to 90 KB
[12-10-2023 12:43:48] Optimized file /wp-content/uploads/2020/08/yogendra-singh-kOIODZD_ByQ-unsplash-1140x760.jpg from 117 KB to 112 KB
[12-10-2023 12:43:48] Optimized file /wp-content/uploads/2020/08/yogendra-singh-kOIODZD_ByQ-unsplash-300x300.jpg from 16 KB to 16 KB
[12-10-2023 12:43:49] Optimized file /wp-content/uploads/2020/08/yogendra-singh-kOIODZD_ByQ-unsplash-500x330.jpg from 28 KB to 27 KB
[12-10-2023 12:43:49] Optimized file /wp-content/uploads/2020/08/yogendra-singh-kOIODZD_ByQ-unsplash-75x75.jpg from 2 KB to 1 KB
[12-10-2023 12:43:49] Optimized file /wp-content/uploads/2020/08/yogendra-singh-kOIODZD_ByQ-unsplash-300x300.jpg from 16 KB to 16 KB
[12-10-2023 12:43:49] Optimized file /wp-content/uploads/2020/08/yogendra-singh-kOIODZD_ByQ-unsplash-600x400.jpg from 37 KB to 37 KB
[12-10-2023 12:43:49] Optimized file /wp-content/uploads/2020/08/yogendra-singh-kOIODZD_ByQ-unsplash-100x100.jpg from 3 KB to 2 KB
[12-10-2023 13:01:10] Optimized file /wp-content/uploads/2023/10/fashion-2021-09-01-22-37-14-utc.jpg from 968 KB to 347 KB
[12-10-2023 13:01:10] Optimized file /wp-content/uploads/2023/10/fashion-2021-09-01-22-37-14-utc-300x200.jpg from 13 KB to 13 KB
[12-10-2023 13:01:10] Optimized file /wp-content/uploads/2023/10/fashion-2021-09-01-22-37-14-utc-1024x683.jpg from 123 KB to 117 KB
[12-10-2023 13:01:11] Optimized file /wp-content/uploads/2023/10/fashion-2021-09-01-22-37-14-utc-150x150.jpg from 6 KB to 5 KB
[12-10-2023 13:01:13] Optimized file /wp-content/uploads/2023/10/fashion-2021-09-01-22-37-14-utc-768x512.jpg from 73 KB to 69 KB
[12-10-2023 13:01:13] Optimized file /wp-content/uploads/2023/10/fashion-2021-09-01-22-37-14-utc-600x400.jpg from 46 KB to 44 KB
[12-10-2023 13:01:13] Optimized file /wp-content/uploads/2023/10/fashion-2021-09-01-22-37-14-utc-1080x540.jpg from 114 KB to 108 KB
[12-10-2023 13:01:14] Optimized file /wp-content/uploads/2023/10/fashion-2021-09-01-22-37-14-utc-1140x760.jpg from 150 KB to 143 KB
[12-10-2023 13:01:14] Optimized file /wp-content/uploads/2023/10/fashion-2021-09-01-22-37-14-utc-300x300.jpg from 19 KB to 18 KB
[12-10-2023 13:01:14] Optimized file /wp-content/uploads/2023/10/fashion-2021-09-01-22-37-14-utc-500x330.jpg from 33 KB to 32 KB
[12-10-2023 13:01:14] Optimized file /wp-content/uploads/2023/10/fashion-2021-09-01-22-37-14-utc-75x75.jpg from 2 KB to 2 KB
[12-10-2023 13:01:16] Optimized file /wp-content/uploads/2023/10/fashion-2021-09-01-22-37-14-utc-300x300.jpg from 18 KB to 18 KB
[12-10-2023 13:01:16] Optimized file /wp-content/uploads/2023/10/fashion-2021-09-01-22-37-14-utc-600x400.jpg from 44 KB to 44 KB
[12-10-2023 13:01:16] Optimized file /wp-content/uploads/2023/10/fashion-2021-09-01-22-37-14-utc-100x100.jpg from 3 KB to 3 KB
